<?xml version="1.0" encoding="UTF-8"?>
<testng-results ignored="0" total="1" passed="1" failed="0" skipped="0">
  <reporter-output>
  </reporter-output>
  <suite started-at="2024-05-05T17:49:50 IST" name="Default suite" finished-at="2024-05-05T17:50:21 IST" duration-ms="31747">
    <groups>
      <group name="cucumber">
        <method signature="AbstractTestNGCucumberTests.runScenario(io.cucumber.testng.PickleWrapper,io.cucumber.testng.FeatureWrapper)[pri:0, instance:ui.RunnerClass@202b0582]" name="runScenario" class="io.cucumber.testng.AbstractTestNGCucumberTests"/>
      </group> <!-- cucumber -->
    </groups>
    <test started-at="2024-05-05T17:49:50 IST" name="Default test" finished-at="2024-05-05T17:50:21 IST" duration-ms="31747">
      <class name="ui.RunnerClass">
        <test-method is-config="true" signature="setUpClass(org.testng.ITestContext)[pri:0, instance:ui.RunnerClass@202b0582]" started-at="2024-05-05T17:49:50 IST" name="setUpClass" finished-at="2024-05-05T17:49:50 IST" duration-ms="488" status="PASS">
          <params>
            <param index="0">
              <value>
                <![CDATA[org.testng.TestRunner@55e42449]]>
              </value>
            </param>
          </params>
          <reporter-output>
          </reporter-output>
        </test-method> <!-- setUpClass -->
        <test-method signature="runScenario(io.cucumber.testng.PickleWrapper,io.cucumber.testng.FeatureWrapper)[pri:0, instance:ui.RunnerClass@202b0582]" started-at="2024-05-05T17:49:50 IST" name="runScenario" description="Runs Cucumber Scenarios" data-provider="scenarios" finished-at="2024-05-05T17:50:21 IST" duration-ms="31179" status="PASS">
          <params>
            <param index="0">
              <value>
                <![CDATA["New user SignUp"]]>
              </value>
            </param>
            <param index="1">
              <value>
                <![CDATA["Oviation Other service Functionalities"]]>
              </value>
            </param>
          </params>
          <reporter-output>
          </reporter-output>
        </test-method> <!-- runScenario -->
        <test-method is-config="true" signature="tearDownClass()[pri:0, instance:ui.RunnerClass@202b0582]" started-at="2024-05-05T17:50:21 IST" name="tearDownClass" finished-at="2024-05-05T17:50:21 IST" duration-ms="28" status="PASS">
          <reporter-output>
          </reporter-output>
        </test-method> <!-- tearDownClass -->
      </class> <!-- ui.RunnerClass -->
    </test> <!-- Default test -->
  </suite> <!-- Default suite -->
</testng-results>
